Evaluate gradient

Begin pipeline gradient.0()
Tag gradient.0() tag = "func_type_and_dim: 1 0 32 1 2 0 2 0 2"
Store gradient.0(0, 0) = 0
Store gradient.0(1, 0) = 1
Store gradient.0(0, 1) = 1
Store gradient.0(1, 1) = 2
End pipeline gradient.0()
Begin pipeline parallel_gradient.0()
Tag parallel_gradient.0() tag = "func_type_and_dim: 1 0 32 1 2 0 8 0 8"
Store parallel_gradient.0(0, 0) = 0
Store parallel_gradient.0(1, 0) = 1
Store parallel_gradient.0(2, 0) = 2
Store parallel_gradient.0(3, 0) = 3
Store parallel_gradient.0(4, 0) = 4
Store parallel_gradient.0(5, 0) = 5
Store parallel_gradient.0(6, 0) = 6
Store parallel_gradient.0(7, 0) = 7
Store parallel_gradient.0(0, 2) = 2
Store parallel_gradient.0(1, 2) = 3
Store parallel_gradient.0(2, 2) = 4
Store parallel_gradient.0(0, 1) = 1
Store parallel_gradient.0(3, 2) = 5
Store parallel_gradient.0(1, 1) = 2
Store parallel_gradient.0(0, 4) = 4
Store parallel_gradient.0(2, 1) = 3
Store parallel_gradient.0(1, 4) = 5
Store parallel_gradient.0(4, 2) = 6
Store parallel_gradient.0(0, 5) = 5
Store parallel_gradient.0(0, 6) = 6
Store parallel_gradient.0(3, 1) = 4
Store parallel_gradient.0(1, 5) = 6
Store parallel_gradient.0(0, 7) = 7
Store parallel_gradient.0(5, 2) = 7
Store parallel_gradient.0(0, 3) = 3
Store parallel_gradient.0(6, 2) = 8
Store parallel_gradient.0(1, 7) = 8
Store parallel_gradient.0(1, 6) = 7
Store parallel_gradient.0(4, 1) = 5
Store parallel_gradient.0(2, 7) = 9
Store parallel_gradient.0(1, 3) = 4
Store parallel_gradient.0(5, 1) = 6
Store parallel_gradient.0(2, 6) = 8
Store parallel_gradient.0(7, 2) = 9
Store parallel_gradient.0(6, 1) = 7
Store parallel_gradient.0(2, 4) = 6
Store parallel_gradient.0(2, 3) = 5
Store parallel_gradient.0(7, 1) = 8
Store parallel_gradient.0(3, 3) = 6
Store parallel_gradient.0(2, 5) = 7
Store parallel_gradient.0(3, 7) = 10
Store parallel_gradient.0(3, 5) = 8
Store parallel_gradient.0(3, 6) = 9
Store parallel_gradient.0(4, 3) = 7
Store parallel_gradient.0(5, 3) = 8
Store parallel_gradient.0(4, 6) = 10
Store parallel_gradient.0(4, 5) = 9
Store parallel_gradient.0(6, 3) = 9
Store parallel_gradient.0(5, 6) = 11
Store parallel_gradient.0(7, 3) = 10
Store parallel_gradient.0(3, 4) = 7
Store parallel_gradient.0(4, 7) = 11
Store parallel_gradient.0(5, 5) = 10
Store parallel_gradient.0(6, 6) = 12
Store parallel_gradient.0(4, 4) = 8
Store parallel_gradient.0(5, 4) = 9
Store parallel_gradient.0(5, 7) = 12
Store parallel_gradient.0(6, 5) = 11
Store parallel_gradient.0(7, 6) = 13
Store parallel_gradient.0(6, 7) = 13
Store parallel_gradient.0(7, 5) = 12
Store parallel_gradient.0(6, 4) = 10
Store parallel_gradient.0(7, 7) = 14
Store parallel_gradient.0(7, 4) = 11
End pipeline parallel_gradient.0()
